<?xml version="1.0" encoding="UTF-8"?>
<!-- Generated by org.testng.reporters.JUnitReportReporter -->
<testsuite hostname="C02LX3SBFH01" name="com.mindflash.trainerm.TrainerTest" tests="1" failures="0" timestamp="27 Feb 2018 05:31:46 GMT" time="25.332" errors="0">
  <testcase name="checkNavigation" time="25.332" classname="com.mindflash.trainerm.TrainerTest"/>
</testsuite> <!-- com.mindflash.trainerm.TrainerTest -->
