<?xml version="1.0" encoding="UTF-8"?>
<!-- Generated by org.testng.reporters.JUnitReportReporter -->
<testsuite hostname="C02LX3SBFH01" name="com.mindflash.trainerm.AppTest" tests="1" failures="0" timestamp="27 Feb 2018 05:31:46 GMT" time="0.001" errors="0">
  <testcase name="testApp" time="0.001" classname="com.mindflash.trainerm.AppTest"/>
</testsuite> <!-- com.mindflash.trainerm.AppTest -->
